<?xml version="1.0" encoding="UTF-8"?>
<!-- Generated by org.testng.reporters.JUnitXMLReporter -->
<testsuite hostname="DESKTOP-N16SQJ3" ignored="2" name="Selenium-April2022" tests="1" failures="0" timestamp="30 May 2022 23:56:13 GMT" time="21.148" errors="0">
  <testcase name="test3" time="3.856" classname="test.SearchTest"/>
  <testcase name="test1" time="0.0" classname="test.SearchTest">
    <ignored/>
  </testcase> <!-- test1 -->
  <testcase name="test2" time="0.0" classname="test.SearchTest">
    <ignored/>
  </testcase> <!-- test2 -->
</testsuite> <!-- Selenium-April2022 -->
